2020-09-19 00:00:18.688 [background-preinit] INFO  org.hibernate.validator.internal.util.Version - HV000001: Hibernate Validator 6.1.5.Final
2020-09-19 00:00:18.717 [restartedMain] INFO  org.chatroom.crdemo.CrdemoApplication - Starting CrdemoApplication on DESKTOP-UQQALD5 with PID 14596 (C:\Users\V\IdeaProjects\crdemo\target\classes started by V in C:\Users\V\IdeaProjects\crdemo)
2020-09-19 00:00:18.718 [restartedMain] INFO  org.chatroom.crdemo.CrdemoApplication - No active profile set, falling back to default profiles: default
2020-09-19 00:00:18.778 [restartedMain] INFO  o.s.b.d.env.DevToolsPropertyDefaultsPostProcessor - Devtools property defaults active! Set 'spring.devtools.add-properties' to 'false' to disable
2020-09-19 00:00:18.778 [restartedMain] INFO  o.s.b.d.env.DevToolsPropertyDefaultsPostProcessor - For additional web related logging consider setting the 'logging.level.web' property to 'DEBUG'
2020-09-19 00:00:20.023 [restartedMain] INFO  o.s.boot.web.embedded.tomcat.TomcatWebServer - Tomcat initialized with port(s): 8080 (http)
2020-09-19 00:00:20.033 [restartedMain] INFO  org.apache.coyote.http11.Http11NioProtocol - Initializing ProtocolHandler ["http-nio-8080"]
2020-09-19 00:00:20.033 [restartedMain] INFO  org.apache.catalina.core.StandardService - Starting service [Tomcat]
2020-09-19 00:00:20.034 [restartedMain] INFO  org.apache.catalina.core.StandardEngine - Starting Servlet engine: [Apache Tomcat/9.0.37]
2020-09-19 00:00:20.163 [restartedMain] INFO  o.a.c.core.ContainerBase.[Tomcat].[localhost].[/] - Initializing Spring embedded WebApplicationContext
2020-09-19 00:00:20.163 [restartedMain] INFO  o.s.b.w.s.c.ServletWebServerApplicationContext - Root WebApplicationContext: initialization completed in 1385 ms
2020-09-19 00:00:20.895 [restartedMain] INFO  o.s.b.d.autoconfigure.OptionalLiveReloadServer - LiveReload server is running on port 35729
2020-09-19 00:00:20.911 [restartedMain] INFO  org.apache.coyote.http11.Http11NioProtocol - Starting ProtocolHandler ["http-nio-8080"]
2020-09-19 00:00:20.934 [restartedMain] INFO  o.s.boot.web.embedded.tomcat.TomcatWebServer - Tomcat started on port(s): 8080 (http) with context path ''
2020-09-19 00:00:20.943 [restartedMain] INFO  org.chatroom.crdemo.CrdemoApplication - Started CrdemoApplication in 2.703 seconds (JVM running for 3.817)
2020-09-19 00:00:25.018 [http-nio-8080-exec-1] INFO  o.a.c.core.ContainerBase.[Tomcat].[localhost].[/] - Initializing Spring DispatcherServlet 'dispatcherServlet'
2020-09-19 00:00:25.019 [http-nio-8080-exec-1] INFO  org.springframework.web.servlet.DispatcherServlet - Initializing Servlet 'dispatcherServlet'
2020-09-19 00:00:25.024 [http-nio-8080-exec-1] INFO  org.springframework.web.servlet.DispatcherServlet - Completed initialization in 5 ms
2020-09-19 00:00:25.033 [http-nio-8080-exec-1] INFO  o.c.crdemo.interceptor.AuthenticationInterceptor - ====拦截到了方法：hi，在该方法执行之前执行====
2020-09-19 00:00:25.034 [http-nio-8080-exec-1] INFO  o.c.crdemo.interceptor.AuthenticationInterceptor - Authorization:null
2020-09-19 00:00:25.034 [http-nio-8080-exec-1] INFO  o.c.crdemo.interceptor.AuthenticationInterceptor - Authorization为空，未登录
2020-09-19 00:00:25.600 [http-nio-8080-exec-2] INFO  o.c.crdemo.interceptor.AuthenticationInterceptor - ====拦截到了方法：hi，在该方法执行之前执行====
2020-09-19 00:00:25.600 [http-nio-8080-exec-2] INFO  o.c.crdemo.interceptor.AuthenticationInterceptor - Authorization:null
2020-09-19 00:00:25.600 [http-nio-8080-exec-2] INFO  o.c.crdemo.interceptor.AuthenticationInterceptor - Authorization为空，未登录
2020-09-19 00:00:47.656 [background-preinit] INFO  org.hibernate.validator.internal.util.Version - HV000001: Hibernate Validator 6.1.5.Final
2020-09-19 00:00:47.695 [restartedMain] INFO  org.chatroom.crdemo.CrdemoApplication - Starting CrdemoApplication on DESKTOP-UQQALD5 with PID 7512 (C:\Users\V\IdeaProjects\crdemo\target\classes started by V in C:\Users\V\IdeaProjects\crdemo)
2020-09-19 00:00:47.696 [restartedMain] INFO  org.chatroom.crdemo.CrdemoApplication - No active profile set, falling back to default profiles: default
2020-09-19 00:00:47.778 [restartedMain] INFO  o.s.b.d.env.DevToolsPropertyDefaultsPostProcessor - Devtools property defaults active! Set 'spring.devtools.add-properties' to 'false' to disable
2020-09-19 00:00:47.778 [restartedMain] INFO  o.s.b.d.env.DevToolsPropertyDefaultsPostProcessor - For additional web related logging consider setting the 'logging.level.web' property to 'DEBUG'
2020-09-19 00:00:49.057 [restartedMain] INFO  o.s.boot.web.embedded.tomcat.TomcatWebServer - Tomcat initialized with port(s): 8080 (http)
2020-09-19 00:00:49.070 [restartedMain] INFO  org.apache.coyote.http11.Http11NioProtocol - Initializing ProtocolHandler ["http-nio-8080"]
2020-09-19 00:00:49.070 [restartedMain] INFO  org.apache.catalina.core.StandardService - Starting service [Tomcat]
2020-09-19 00:00:49.071 [restartedMain] INFO  org.apache.catalina.core.StandardEngine - Starting Servlet engine: [Apache Tomcat/9.0.37]
2020-09-19 00:00:49.201 [restartedMain] INFO  o.a.c.core.ContainerBase.[Tomcat].[localhost].[/] - Initializing Spring embedded WebApplicationContext
2020-09-19 00:00:49.201 [restartedMain] INFO  o.s.b.w.s.c.ServletWebServerApplicationContext - Root WebApplicationContext: initialization completed in 1423 ms
2020-09-19 00:00:50.150 [restartedMain] INFO  o.s.b.d.autoconfigure.OptionalLiveReloadServer - LiveReload server is running on port 35729
2020-09-19 00:00:50.171 [restartedMain] INFO  org.apache.coyote.http11.Http11NioProtocol - Starting ProtocolHandler ["http-nio-8080"]
2020-09-19 00:00:50.200 [restartedMain] INFO  o.s.boot.web.embedded.tomcat.TomcatWebServer - Tomcat started on port(s): 8080 (http) with context path ''
2020-09-19 00:00:50.216 [restartedMain] INFO  org.chatroom.crdemo.CrdemoApplication - Started CrdemoApplication in 3.08 seconds (JVM running for 4.305)
2020-09-19 00:00:50.410 [http-nio-8080-exec-1] INFO  o.a.c.core.ContainerBase.[Tomcat].[localhost].[/] - Initializing Spring DispatcherServlet 'dispatcherServlet'
2020-09-19 00:00:50.410 [http-nio-8080-exec-1] INFO  org.springframework.web.servlet.DispatcherServlet - Initializing Servlet 'dispatcherServlet'
2020-09-19 00:00:50.415 [http-nio-8080-exec-1] INFO  org.springframework.web.servlet.DispatcherServlet - Completed initialization in 5 ms
2020-09-19 00:00:50.426 [http-nio-8080-exec-1] INFO  o.c.crdemo.interceptor.AuthenticationInterceptor - ====拦截到了方法：hi，在该方法执行之前执行====
2020-09-19 00:00:50.426 [http-nio-8080-exec-1] INFO  o.c.crdemo.interceptor.AuthenticationInterceptor - Authorization:null
2020-09-19 00:00:50.441 [http-nio-8080-exec-1] INFO  o.c.crdemo.interceptor.AuthenticationInterceptor - Authorization为空，未登录
2020-09-19 00:34:36.453 [background-preinit] INFO  org.hibernate.validator.internal.util.Version - HV000001: Hibernate Validator 6.1.5.Final
2020-09-19 00:34:36.485 [restartedMain] INFO  org.chatroom.crdemo.CrdemoApplication - Starting CrdemoApplication on DESKTOP-UQQALD5 with PID 21452 (C:\Users\V\IdeaProjects\crdemo\target\classes started by V in C:\Users\V\IdeaProjects\crdemo)
2020-09-19 00:34:36.485 [restartedMain] INFO  org.chatroom.crdemo.CrdemoApplication - No active profile set, falling back to default profiles: default
2020-09-19 00:34:36.551 [restartedMain] INFO  o.s.b.d.env.DevToolsPropertyDefaultsPostProcessor - Devtools property defaults active! Set 'spring.devtools.add-properties' to 'false' to disable
2020-09-19 00:34:36.552 [restartedMain] INFO  o.s.b.d.env.DevToolsPropertyDefaultsPostProcessor - For additional web related logging consider setting the 'logging.level.web' property to 'DEBUG'
2020-09-19 00:34:37.915 [restartedMain] INFO  o.s.boot.web.embedded.tomcat.TomcatWebServer - Tomcat initialized with port(s): 8080 (http)
2020-09-19 00:34:37.925 [restartedMain] INFO  org.apache.coyote.http11.Http11NioProtocol - Initializing ProtocolHandler ["http-nio-8080"]
2020-09-19 00:34:37.926 [restartedMain] INFO  org.apache.catalina.core.StandardService - Starting service [Tomcat]
2020-09-19 00:34:37.926 [restartedMain] INFO  org.apache.catalina.core.StandardEngine - Starting Servlet engine: [Apache Tomcat/9.0.37]
2020-09-19 00:34:38.053 [restartedMain] INFO  o.a.c.core.ContainerBase.[Tomcat].[localhost].[/] - Initializing Spring embedded WebApplicationContext
2020-09-19 00:34:38.054 [restartedMain] INFO  o.s.b.w.s.c.ServletWebServerApplicationContext - Root WebApplicationContext: initialization completed in 1502 ms
2020-09-19 00:34:38.944 [restartedMain] INFO  o.s.b.d.autoconfigure.OptionalLiveReloadServer - LiveReload server is running on port 35729
2020-09-19 00:34:38.964 [restartedMain] INFO  org.apache.coyote.http11.Http11NioProtocol - Starting ProtocolHandler ["http-nio-8080"]
2020-09-19 00:34:38.984 [restartedMain] INFO  o.s.boot.web.embedded.tomcat.TomcatWebServer - Tomcat started on port(s): 8080 (http) with context path ''
2020-09-19 00:34:38.997 [restartedMain] INFO  org.chatroom.crdemo.CrdemoApplication - Started CrdemoApplication in 3.015 seconds (JVM running for 4.545)
2020-09-19 00:45:25.238 [restartedMain] INFO  org.chatroom.crdemo.CrdemoApplication - Starting CrdemoApplication on DESKTOP-UQQALD5 with PID 21452 (C:\Users\V\IdeaProjects\crdemo\target\classes started by V in C:\Users\V\IdeaProjects\crdemo)
2020-09-19 00:45:25.238 [restartedMain] INFO  org.chatroom.crdemo.CrdemoApplication - No active profile set, falling back to default profiles: default
2020-09-19 00:45:25.704 [restartedMain] INFO  o.s.boot.web.embedded.tomcat.TomcatWebServer - Tomcat initialized with port(s): 8080 (http)
2020-09-19 00:45:25.705 [restartedMain] INFO  org.apache.coyote.http11.Http11NioProtocol - Initializing ProtocolHandler ["http-nio-8080"]
2020-09-19 00:45:25.705 [restartedMain] INFO  org.apache.catalina.core.StandardService - Starting service [Tomcat]
2020-09-19 00:45:25.705 [restartedMain] INFO  org.apache.catalina.core.StandardEngine - Starting Servlet engine: [Apache Tomcat/9.0.37]
2020-09-19 00:45:25.746 [restartedMain] INFO  o.a.c.core.ContainerBase.[Tomcat].[localhost].[/] - Initializing Spring embedded WebApplicationContext
2020-09-19 00:45:25.746 [restartedMain] INFO  o.s.b.w.s.c.ServletWebServerApplicationContext - Root WebApplicationContext: initialization completed in 503 ms
2020-09-19 00:45:25.987 [restartedMain] INFO  o.s.b.d.autoconfigure.OptionalLiveReloadServer - LiveReload server is running on port 35729
2020-09-19 00:45:25.997 [restartedMain] INFO  org.apache.coyote.http11.Http11NioProtocol - Starting ProtocolHandler ["http-nio-8080"]
2020-09-19 00:45:26.002 [restartedMain] INFO  o.s.boot.web.embedded.tomcat.TomcatWebServer - Tomcat started on port(s): 8080 (http) with context path ''
2020-09-19 00:45:26.005 [restartedMain] INFO  org.chatroom.crdemo.CrdemoApplication - Started CrdemoApplication in 0.851 seconds (JVM running for 651.554)
2020-09-19 00:45:26.006 [restartedMain] INFO  o.s.b.d.a.ConditionEvaluationDeltaLoggingListener - Condition evaluation unchanged
2020-09-19 00:45:26.830 [http-nio-8080-exec-1] INFO  o.a.c.core.ContainerBase.[Tomcat].[localhost].[/] - Initializing Spring DispatcherServlet 'dispatcherServlet'
2020-09-19 00:45:26.831 [http-nio-8080-exec-1] INFO  org.springframework.web.servlet.DispatcherServlet - Initializing Servlet 'dispatcherServlet'
2020-09-19 00:45:26.841 [http-nio-8080-exec-1] INFO  org.springframework.web.servlet.DispatcherServlet - Completed initialization in 9 ms
2020-09-19 00:45:26.854 [http-nio-8080-exec-1] INFO  o.c.crdemo.interceptor.AuthenticationInterceptor - ====拦截到了方法：hi，在该方法执行之前执行====
2020-09-19 00:45:26.854 [http-nio-8080-exec-1] INFO  o.c.crdemo.interceptor.AuthenticationInterceptor - Authorization:null
2020-09-19 00:45:26.854 [http-nio-8080-exec-1] INFO  o.c.crdemo.interceptor.AuthenticationInterceptor - Authorization为空，未登录
2020-09-19 00:46:59.761 [restartedMain] INFO  org.chatroom.crdemo.CrdemoApplication - Starting CrdemoApplication on DESKTOP-UQQALD5 with PID 21452 (C:\Users\V\IdeaProjects\crdemo\target\classes started by V in C:\Users\V\IdeaProjects\crdemo)
2020-09-19 00:46:59.762 [restartedMain] INFO  org.chatroom.crdemo.CrdemoApplication - No active profile set, falling back to default profiles: default
2020-09-19 00:47:00.183 [restartedMain] INFO  o.s.boot.web.embedded.tomcat.TomcatWebServer - Tomcat initialized with port(s): 8080 (http)
2020-09-19 00:47:00.184 [restartedMain] INFO  org.apache.coyote.http11.Http11NioProtocol - Initializing ProtocolHandler ["http-nio-8080"]
2020-09-19 00:47:00.184 [restartedMain] INFO  org.apache.catalina.core.StandardService - Starting service [Tomcat]
2020-09-19 00:47:00.184 [restartedMain] INFO  org.apache.catalina.core.StandardEngine - Starting Servlet engine: [Apache Tomcat/9.0.37]
2020-09-19 00:47:00.209 [restartedMain] INFO  o.a.c.core.ContainerBase.[Tomcat].[localhost].[/] - Initializing Spring embedded WebApplicationContext
2020-09-19 00:47:00.209 [restartedMain] INFO  o.s.b.w.s.c.ServletWebServerApplicationContext - Root WebApplicationContext: initialization completed in 442 ms
2020-09-19 00:47:00.382 [restartedMain] INFO  o.s.b.d.autoconfigure.OptionalLiveReloadServer - LiveReload server is running on port 35729
2020-09-19 00:47:00.390 [restartedMain] INFO  org.apache.coyote.http11.Http11NioProtocol - Starting ProtocolHandler ["http-nio-8080"]
2020-09-19 00:47:00.395 [restartedMain] INFO  o.s.boot.web.embedded.tomcat.TomcatWebServer - Tomcat started on port(s): 8080 (http) with context path ''
2020-09-19 00:47:00.398 [restartedMain] INFO  org.chatroom.crdemo.CrdemoApplication - Started CrdemoApplication in 0.714 seconds (JVM running for 745.946)
2020-09-19 00:47:00.399 [restartedMain] INFO  o.s.b.d.a.ConditionEvaluationDeltaLoggingListener - Condition evaluation unchanged
2020-09-19 00:58:41.991 [http-nio-8080-exec-1] INFO  o.a.c.core.ContainerBase.[Tomcat].[localhost].[/] - Initializing Spring DispatcherServlet 'dispatcherServlet'
2020-09-19 00:58:41.992 [http-nio-8080-exec-1] INFO  org.springframework.web.servlet.DispatcherServlet - Initializing Servlet 'dispatcherServlet'
2020-09-19 00:58:42.002 [http-nio-8080-exec-1] INFO  org.springframework.web.servlet.DispatcherServlet - Completed initialization in 10 ms
2020-09-19 00:58:42.028 [http-nio-8080-exec-1] INFO  o.c.crdemo.interceptor.AuthenticationInterceptor - ====拦截到了方法：login，在该方法执行之前执行====
2020-09-19 00:58:42.192 [http-nio-8080-exec-1] INFO  com.alibaba.druid.pool.DruidDataSource - {dataSource-1} inited
2020-09-19 00:58:42.333 [http-nio-8080-exec-1] INFO  org.chatroom.crdemo.controller.UserController - 812594603@163.com用户登陆成功
2020-09-19 00:58:54.745 [http-nio-8080-exec-2] INFO  o.c.crdemo.interceptor.AuthenticationInterceptor - ====拦截到了方法：hi，在该方法执行之前执行====
2020-09-19 00:58:54.746 [http-nio-8080-exec-2] INFO  o.c.crdemo.interceptor.AuthenticationInterceptor - Authorization:eyJhbGciOiJIUzI1NiJ9.eyJzdWIiOiJzdW5saWFuZyIsInBhc3N3b3JkIjoic3VubGlhbmciLCJleHAiOjE2MDA1MzQ3MjIsImlhdCI6MTYwMDQ0ODMyMiwianRpIjoiZmRkZWJkZjktMjg5ZS00ZjgwLWEzZWItYjExNGE4ZWViZjgyIiwidXNlcm5hbWUiOiJzdW5saWFuZyJ9.2NJuAqaadEuiksfSaE5RB5sIXfqyk1cs7nNFpx2fAs0
2020-09-19 00:58:54.820 [http-nio-8080-exec-2] INFO  o.c.crdemo.interceptor.AuthenticationInterceptor - Authentication正确。用户是sunliang
2020-09-19 01:09:11.090 [http-nio-8080-exec-4] INFO  o.c.crdemo.interceptor.AuthenticationInterceptor - ====拦截到了方法：hi，在该方法执行之前执行====
2020-09-19 01:09:11.091 [http-nio-8080-exec-4] INFO  o.c.crdemo.interceptor.AuthenticationInterceptor - Authorization:eyJhbGciOiJIUzI1NiJ9.eyJzdWIiOiJzdW5saWFuZyIsInBhc3N3b3JkIjoic3VubGlhbmciLCJleHAiOjE2MDA1MzQ3MjIsImlhdCI6MTYwMDQ0ODMyMiwianRpIjoiZmRkZWJkZjktMjg5ZS00ZjgwLWEzZWItYjExNGE4ZWViZjgyIiwidXNlcm5hbWUiOiJzdW5saWFuZyJ9.2NJuAqaadEuiksfSaE5RB5sIXfqyk1cs7nNFpx2fAs
2020-09-19 01:09:11.122 [http-nio-8080-exec-4] INFO  o.c.crdemo.interceptor.AuthenticationInterceptor - ====拦截到了方法：error，在该方法执行之前执行====
2020-09-19 01:09:11.122 [http-nio-8080-exec-4] INFO  o.c.crdemo.interceptor.AuthenticationInterceptor - Authorization:eyJhbGciOiJIUzI1NiJ9.eyJzdWIiOiJzdW5saWFuZyIsInBhc3N3b3JkIjoic3VubGlhbmciLCJleHAiOjE2MDA1MzQ3MjIsImlhdCI6MTYwMDQ0ODMyMiwianRpIjoiZmRkZWJkZjktMjg5ZS00ZjgwLWEzZWItYjExNGE4ZWViZjgyIiwidXNlcm5hbWUiOiJzdW5saWFuZyJ9.2NJuAqaadEuiksfSaE5RB5sIXfqyk1cs7nNFpx2fAs
2020-09-19 01:09:18.696 [http-nio-8080-exec-5] INFO  o.c.crdemo.interceptor.AuthenticationInterceptor - ====拦截到了方法：hi，在该方法执行之前执行====
2020-09-19 01:09:18.697 [http-nio-8080-exec-5] INFO  o.c.crdemo.interceptor.AuthenticationInterceptor - Authorization:eyJhbGciOiJIUzI1NiJ9.eyJzdWIiOiJzdW5saWFuZyIsInBhc3N3b3JkIjoic3VubGlhbmciLCJleHAiOjE2MDA1MzQ3MjIsImlhdCI6MTYwMDQ0ODMyMiwianRpIjoiZmRkZWJkZjktMjg5ZS00ZjgwLWEzZWItYjExNGE4ZWViZjgyIiwidXNlcm5hbWUiOiJzdW5saWFuZyJ9.2NJuAqaadEuiksfSaE5RB5sIXfqyk1cs7nNFpx2fAs0
2020-09-19 01:09:18.702 [http-nio-8080-exec-5] INFO  o.c.crdemo.interceptor.AuthenticationInterceptor - Authentication正确。用户是sunliang
2020-09-19 01:17:05.915 [Thread-25] INFO  com.alibaba.druid.pool.DruidDataSource - {dataSource-1} closed
2020-09-19 01:17:06.149 [restartedMain] INFO  org.chatroom.crdemo.CrdemoApplication - Starting CrdemoApplication on DESKTOP-UQQALD5 with PID 21452 (C:\Users\V\IdeaProjects\crdemo\target\classes started by V in C:\Users\V\IdeaProjects\crdemo)
2020-09-19 01:17:06.149 [restartedMain] INFO  org.chatroom.crdemo.CrdemoApplication - No active profile set, falling back to default profiles: default
2020-09-19 01:17:06.477 [restartedMain] INFO  o.s.boot.web.embedded.tomcat.TomcatWebServer - Tomcat initialized with port(s): 8080 (http)
2020-09-19 01:17:06.477 [restartedMain] INFO  org.apache.coyote.http11.Http11NioProtocol - Initializing ProtocolHandler ["http-nio-8080"]
2020-09-19 01:17:06.477 [restartedMain] INFO  org.apache.catalina.core.StandardService - Starting service [Tomcat]
2020-09-19 01:17:06.477 [restartedMain] INFO  org.apache.catalina.core.StandardEngine - Starting Servlet engine: [Apache Tomcat/9.0.37]
2020-09-19 01:17:06.505 [restartedMain] INFO  o.a.c.core.ContainerBase.[Tomcat].[localhost].[/] - Initializing Spring embedded WebApplicationContext
2020-09-19 01:17:06.505 [restartedMain] INFO  o.s.b.w.s.c.ServletWebServerApplicationContext - Root WebApplicationContext: initialization completed in 353 ms
2020-09-19 01:17:06.677 [restartedMain] INFO  o.s.b.d.autoconfigure.OptionalLiveReloadServer - LiveReload server is running on port 35729
2020-09-19 01:17:06.686 [restartedMain] INFO  org.apache.coyote.http11.Http11NioProtocol - Starting ProtocolHandler ["http-nio-8080"]
2020-09-19 01:17:06.689 [restartedMain] INFO  o.s.boot.web.embedded.tomcat.TomcatWebServer - Tomcat started on port(s): 8080 (http) with context path ''
2020-09-19 01:17:06.692 [restartedMain] INFO  org.chatroom.crdemo.CrdemoApplication - Started CrdemoApplication in 0.607 seconds (JVM running for 2552.24)
2020-09-19 01:17:06.693 [restartedMain] INFO  o.s.b.d.a.ConditionEvaluationDeltaLoggingListener - Condition evaluation unchanged
2020-09-19 01:18:35.983 [restartedMain] INFO  org.chatroom.crdemo.CrdemoApplication - Starting CrdemoApplication on DESKTOP-UQQALD5 with PID 21452 (C:\Users\V\IdeaProjects\crdemo\target\classes started by V in C:\Users\V\IdeaProjects\crdemo)
2020-09-19 01:18:35.983 [restartedMain] INFO  org.chatroom.crdemo.CrdemoApplication - No active profile set, falling back to default profiles: default
2020-09-19 01:18:36.415 [restartedMain] INFO  o.s.boot.web.embedded.tomcat.TomcatWebServer - Tomcat initialized with port(s): 8080 (http)
2020-09-19 01:18:36.416 [restartedMain] INFO  org.apache.coyote.http11.Http11NioProtocol - Initializing ProtocolHandler ["http-nio-8080"]
2020-09-19 01:18:36.416 [restartedMain] INFO  org.apache.catalina.core.StandardService - Starting service [Tomcat]
2020-09-19 01:18:36.416 [restartedMain] INFO  org.apache.catalina.core.StandardEngine - Starting Servlet engine: [Apache Tomcat/9.0.37]
2020-09-19 01:18:36.447 [restartedMain] INFO  o.a.c.core.ContainerBase.[Tomcat].[localhost].[/] - Initializing Spring embedded WebApplicationContext
2020-09-19 01:18:36.447 [restartedMain] INFO  o.s.b.w.s.c.ServletWebServerApplicationContext - Root WebApplicationContext: initialization completed in 460 ms
2020-09-19 01:18:36.640 [restartedMain] INFO  o.s.b.d.autoconfigure.OptionalLiveReloadServer - LiveReload server is running on port 35729
2020-09-19 01:18:36.652 [restartedMain] INFO  org.apache.coyote.http11.Http11NioProtocol - Starting ProtocolHandler ["http-nio-8080"]
2020-09-19 01:18:36.655 [restartedMain] INFO  o.s.boot.web.embedded.tomcat.TomcatWebServer - Tomcat started on port(s): 8080 (http) with context path ''
2020-09-19 01:18:36.658 [restartedMain] INFO  org.chatroom.crdemo.CrdemoApplication - Started CrdemoApplication in 0.761 seconds (JVM running for 2642.206)
2020-09-19 01:18:36.660 [restartedMain] INFO  o.s.b.d.a.ConditionEvaluationDeltaLoggingListener - Condition evaluation unchanged
2020-09-19 01:18:55.416 [restartedMain] INFO  org.chatroom.crdemo.CrdemoApplication - Starting CrdemoApplication on DESKTOP-UQQALD5 with PID 21452 (C:\Users\V\IdeaProjects\crdemo\target\classes started by V in C:\Users\V\IdeaProjects\crdemo)
2020-09-19 01:18:55.417 [restartedMain] INFO  org.chatroom.crdemo.CrdemoApplication - No active profile set, falling back to default profiles: default
2020-09-19 01:18:55.779 [restartedMain] INFO  o.s.boot.web.embedded.tomcat.TomcatWebServer - Tomcat initialized with port(s): 8080 (http)
2020-09-19 01:18:55.780 [restartedMain] INFO  org.apache.coyote.http11.Http11NioProtocol - Initializing ProtocolHandler ["http-nio-8080"]
2020-09-19 01:18:55.780 [restartedMain] INFO  org.apache.catalina.core.StandardService - Starting service [Tomcat]
2020-09-19 01:18:55.780 [restartedMain] INFO  org.apache.catalina.core.StandardEngine - Starting Servlet engine: [Apache Tomcat/9.0.37]
2020-09-19 01:18:55.814 [restartedMain] INFO  o.a.c.core.ContainerBase.[Tomcat].[localhost].[/] - Initializing Spring embedded WebApplicationContext
2020-09-19 01:18:55.815 [restartedMain] INFO  o.s.b.w.s.c.ServletWebServerApplicationContext - Root WebApplicationContext: initialization completed in 395 ms
2020-09-19 01:18:55.988 [restartedMain] INFO  o.s.b.d.autoconfigure.OptionalLiveReloadServer - LiveReload server is running on port 35729
2020-09-19 01:18:55.995 [restartedMain] INFO  org.apache.coyote.http11.Http11NioProtocol - Starting ProtocolHandler ["http-nio-8080"]
2020-09-19 01:18:55.998 [restartedMain] INFO  o.s.boot.web.embedded.tomcat.TomcatWebServer - Tomcat started on port(s): 8080 (http) with context path ''
2020-09-19 01:18:56.001 [restartedMain] INFO  org.chatroom.crdemo.CrdemoApplication - Started CrdemoApplication in 0.649 seconds (JVM running for 2661.549)
2020-09-19 01:18:56.002 [restartedMain] INFO  o.s.b.d.a.ConditionEvaluationDeltaLoggingListener - Condition evaluation unchanged
2020-09-19 01:20:08.764 [restartedMain] INFO  org.chatroom.crdemo.CrdemoApplication - Starting CrdemoApplication on DESKTOP-UQQALD5 with PID 21452 (C:\Users\V\IdeaProjects\crdemo\target\classes started by V in C:\Users\V\IdeaProjects\crdemo)
2020-09-19 01:20:08.765 [restartedMain] INFO  org.chatroom.crdemo.CrdemoApplication - No active profile set, falling back to default profiles: default
2020-09-19 01:20:09.059 [restartedMain] INFO  o.s.boot.web.embedded.tomcat.TomcatWebServer - Tomcat initialized with port(s): 8080 (http)
2020-09-19 01:20:09.059 [restartedMain] INFO  org.apache.coyote.http11.Http11NioProtocol - Initializing ProtocolHandler ["http-nio-8080"]
2020-09-19 01:20:09.059 [restartedMain] INFO  org.apache.catalina.core.StandardService - Starting service [Tomcat]
2020-09-19 01:20:09.060 [restartedMain] INFO  org.apache.catalina.core.StandardEngine - Starting Servlet engine: [Apache Tomcat/9.0.37]
2020-09-19 01:20:09.085 [restartedMain] INFO  o.a.c.core.ContainerBase.[Tomcat].[localhost].[/] - Initializing Spring embedded WebApplicationContext
2020-09-19 01:20:09.085 [restartedMain] INFO  o.s.b.w.s.c.ServletWebServerApplicationContext - Root WebApplicationContext: initialization completed in 317 ms
2020-09-19 01:20:09.225 [restartedMain] INFO  o.s.b.d.autoconfigure.OptionalLiveReloadServer - LiveReload server is running on port 35729
2020-09-19 01:20:09.232 [restartedMain] INFO  org.apache.coyote.http11.Http11NioProtocol - Starting ProtocolHandler ["http-nio-8080"]
2020-09-19 01:20:09.235 [restartedMain] INFO  o.s.boot.web.embedded.tomcat.TomcatWebServer - Tomcat started on port(s): 8080 (http) with context path ''
2020-09-19 01:20:09.238 [restartedMain] INFO  org.chatroom.crdemo.CrdemoApplication - Started CrdemoApplication in 0.54 seconds (JVM running for 2734.786)
2020-09-19 01:20:09.239 [restartedMain] INFO  o.s.b.d.a.ConditionEvaluationDeltaLoggingListener - Condition evaluation unchanged
2020-09-19 01:20:52.890 [restartedMain] INFO  org.chatroom.crdemo.CrdemoApplication - Starting CrdemoApplication on DESKTOP-UQQALD5 with PID 21452 (C:\Users\V\IdeaProjects\crdemo\target\classes started by V in C:\Users\V\IdeaProjects\crdemo)
2020-09-19 01:20:52.890 [restartedMain] INFO  org.chatroom.crdemo.CrdemoApplication - No active profile set, falling back to default profiles: default
2020-09-19 01:20:53.322 [restartedMain] INFO  o.s.boot.web.embedded.tomcat.TomcatWebServer - Tomcat initialized with port(s): 8080 (http)
2020-09-19 01:20:53.323 [restartedMain] INFO  org.apache.coyote.http11.Http11NioProtocol - Initializing ProtocolHandler ["http-nio-8080"]
2020-09-19 01:20:53.323 [restartedMain] INFO  org.apache.catalina.core.StandardService - Starting service [Tomcat]
2020-09-19 01:20:53.323 [restartedMain] INFO  org.apache.catalina.core.StandardEngine - Starting Servlet engine: [Apache Tomcat/9.0.37]
2020-09-19 01:20:53.352 [restartedMain] INFO  o.a.c.core.ContainerBase.[Tomcat].[localhost].[/] - Initializing Spring embedded WebApplicationContext
2020-09-19 01:20:53.352 [restartedMain] INFO  o.s.b.w.s.c.ServletWebServerApplicationContext - Root WebApplicationContext: initialization completed in 457 ms
2020-09-19 01:20:53.509 [restartedMain] INFO  o.s.b.d.autoconfigure.OptionalLiveReloadServer - LiveReload server is running on port 35729
2020-09-19 01:20:53.518 [restartedMain] INFO  org.apache.coyote.http11.Http11NioProtocol - Starting ProtocolHandler ["http-nio-8080"]
2020-09-19 01:20:53.521 [restartedMain] INFO  o.s.boot.web.embedded.tomcat.TomcatWebServer - Tomcat started on port(s): 8080 (http) with context path ''
2020-09-19 01:20:53.524 [restartedMain] INFO  org.chatroom.crdemo.CrdemoApplication - Started CrdemoApplication in 0.705 seconds (JVM running for 2779.073)
2020-09-19 01:20:53.526 [restartedMain] INFO  o.s.b.d.a.ConditionEvaluationDeltaLoggingListener - Condition evaluation unchanged
2020-09-19 01:23:28.020 [restartedMain] INFO  org.chatroom.crdemo.CrdemoApplication - Starting CrdemoApplication on DESKTOP-UQQALD5 with PID 21452 (C:\Users\V\IdeaProjects\crdemo\target\classes started by V in C:\Users\V\IdeaProjects\crdemo)
2020-09-19 01:23:28.021 [restartedMain] INFO  org.chatroom.crdemo.CrdemoApplication - No active profile set, falling back to default profiles: default
2020-09-19 01:23:28.392 [restartedMain] INFO  o.s.boot.web.embedded.tomcat.TomcatWebServer - Tomcat initialized with port(s): 8080 (http)
2020-09-19 01:23:28.393 [restartedMain] INFO  org.apache.coyote.http11.Http11NioProtocol - Initializing ProtocolHandler ["http-nio-8080"]
2020-09-19 01:23:28.393 [restartedMain] INFO  org.apache.catalina.core.StandardService - Starting service [Tomcat]
2020-09-19 01:23:28.393 [restartedMain] INFO  org.apache.catalina.core.StandardEngine - Starting Servlet engine: [Apache Tomcat/9.0.37]
2020-09-19 01:23:28.424 [restartedMain] INFO  o.a.c.core.ContainerBase.[Tomcat].[localhost].[/] - Initializing Spring embedded WebApplicationContext
2020-09-19 01:23:28.424 [restartedMain] INFO  o.s.b.w.s.c.ServletWebServerApplicationContext - Root WebApplicationContext: initialization completed in 400 ms
2020-09-19 01:23:28.574 [restartedMain] INFO  o.s.b.d.autoconfigure.OptionalLiveReloadServer - LiveReload server is running on port 35729
2020-09-19 01:23:28.581 [restartedMain] INFO  org.apache.coyote.http11.Http11NioProtocol - Starting ProtocolHandler ["http-nio-8080"]
2020-09-19 01:23:28.584 [restartedMain] INFO  o.s.boot.web.embedded.tomcat.TomcatWebServer - Tomcat started on port(s): 8080 (http) with context path ''
2020-09-19 01:23:28.587 [restartedMain] INFO  org.chatroom.crdemo.CrdemoApplication - Started CrdemoApplication in 0.634 seconds (JVM running for 2934.135)
2020-09-19 01:23:28.588 [restartedMain] INFO  o.s.b.d.a.ConditionEvaluationDeltaLoggingListener - Condition evaluation unchanged
2020-09-19 01:23:37.682 [background-preinit] INFO  org.hibernate.validator.internal.util.Version - HV000001: Hibernate Validator 6.1.5.Final
2020-09-19 01:23:37.708 [restartedMain] INFO  org.chatroom.crdemo.CrdemoApplication - Starting CrdemoApplication on DESKTOP-UQQALD5 with PID 14508 (C:\Users\V\IdeaProjects\crdemo\target\classes started by V in C:\Users\V\IdeaProjects\crdemo)
2020-09-19 01:23:37.708 [restartedMain] INFO  org.chatroom.crdemo.CrdemoApplication - No active profile set, falling back to default profiles: default
2020-09-19 01:23:37.765 [restartedMain] INFO  o.s.b.d.env.DevToolsPropertyDefaultsPostProcessor - Devtools property defaults active! Set 'spring.devtools.add-properties' to 'false' to disable
2020-09-19 01:23:37.766 [restartedMain] INFO  o.s.b.d.env.DevToolsPropertyDefaultsPostProcessor - For additional web related logging consider setting the 'logging.level.web' property to 'DEBUG'
2020-09-19 01:23:39.213 [restartedMain] INFO  o.s.boot.web.embedded.tomcat.TomcatWebServer - Tomcat initialized with port(s): 8080 (http)
2020-09-19 01:23:39.223 [restartedMain] INFO  org.apache.coyote.http11.Http11NioProtocol - Initializing ProtocolHandler ["http-nio-8080"]
2020-09-19 01:23:39.223 [restartedMain] INFO  org.apache.catalina.core.StandardService - Starting service [Tomcat]
2020-09-19 01:23:39.224 [restartedMain] INFO  org.apache.catalina.core.StandardEngine - Starting Servlet engine: [Apache Tomcat/9.0.37]
2020-09-19 01:23:39.340 [restartedMain] INFO  o.a.c.core.ContainerBase.[Tomcat].[localhost].[/] - Initializing Spring embedded WebApplicationContext
2020-09-19 01:23:39.340 [restartedMain] INFO  o.s.b.w.s.c.ServletWebServerApplicationContext - Root WebApplicationContext: initialization completed in 1574 ms
2020-09-19 01:23:40.061 [restartedMain] INFO  o.s.b.d.autoconfigure.OptionalLiveReloadServer - LiveReload server is running on port 35729
2020-09-19 01:23:40.083 [restartedMain] INFO  org.apache.coyote.http11.Http11NioProtocol - Starting ProtocolHandler ["http-nio-8080"]
2020-09-19 01:23:40.107 [restartedMain] INFO  o.s.boot.web.embedded.tomcat.TomcatWebServer - Tomcat started on port(s): 8080 (http) with context path ''
2020-09-19 01:23:40.118 [restartedMain] INFO  org.chatroom.crdemo.CrdemoApplication - Started CrdemoApplication in 2.871 seconds (JVM running for 3.98)
2020-09-19 01:23:47.873 [http-nio-8080-exec-1] INFO  o.a.c.core.ContainerBase.[Tomcat].[localhost].[/] - Initializing Spring DispatcherServlet 'dispatcherServlet'
2020-09-19 01:23:47.873 [http-nio-8080-exec-1] INFO  org.springframework.web.servlet.DispatcherServlet - Initializing Servlet 'dispatcherServlet'
2020-09-19 01:23:47.878 [http-nio-8080-exec-1] INFO  org.springframework.web.servlet.DispatcherServlet - Completed initialization in 4 ms
2020-09-19 01:23:47.886 [http-nio-8080-exec-1] INFO  o.c.crdemo.interceptor.AuthenticationInterceptor - ====拦截到了方法：hi，在该方法执行之前执行====
2020-09-19 01:23:47.887 [http-nio-8080-exec-1] INFO  o.c.crdemo.interceptor.AuthenticationInterceptor - Authorization:eyJhbGciOiJIUzI1NiJ9.eyJzdWIiOiJzdW5saWFuZyIsInBhc3N3b3JkIjoic3VubGlhbmciLCJleHAiOjE2MDA1MzQ3MjIsImlhdCI6MTYwMDQ0ODMyMiwianRpIjoiZmRkZWJkZjktMjg5ZS00ZjgwLWEzZWItYjExNGE4ZWViZjgyIiwidXNlcm5hbWUiOiJzdW5saWFuZyJ9.2NJuAqaadEuiksfSaE5RB5sIXfqyk1cs7nNFpx2fAs0
2020-09-19 01:23:47.954 [http-nio-8080-exec-1] INFO  com.alibaba.druid.pool.DruidDataSource - {dataSource-1} inited
2020-09-19 01:23:48.477 [http-nio-8080-exec-1] INFO  o.c.crdemo.interceptor.AuthenticationInterceptor - Authentication正确。用户是sunliang
2020-09-19 01:23:54.007 [http-nio-8080-exec-2] INFO  o.c.crdemo.interceptor.AuthenticationInterceptor - ====拦截到了方法：hi，在该方法执行之前执行====
2020-09-19 01:23:54.008 [http-nio-8080-exec-2] INFO  o.c.crdemo.interceptor.AuthenticationInterceptor - Authorization:eyJhbGciOiJIUzI1NiJ9.eyJzdWIiOiJzW5saWFuZyIsInBhc3N3b3JkIjoic3VubGlhbmciLCJleHAiOjE2MDA1MzQ3MjIsImlhdCI6MTYwMDQ0ODMyMiwianRpIjoiZmRkZWJkZjktMjg5ZS00ZjgwLWEzZWItYjExNGE4ZWViZjgyIiwidXNlcm5hbWUiOiJzdW5saWFuZyJ9.2NJuAqaadEuiksfSaE5RB5sIXfqyk1cs7nNFpx2fAs0
2020-09-19 01:23:54.028 [http-nio-8080-exec-2] INFO  o.c.crdemo.interceptor.AuthenticationInterceptor - ====拦截到了方法：error，在该方法执行之前执行====
2020-09-19 01:23:54.028 [http-nio-8080-exec-2] INFO  o.c.crdemo.interceptor.AuthenticationInterceptor - Authorization:eyJhbGciOiJIUzI1NiJ9.eyJzdWIiOiJzW5saWFuZyIsInBhc3N3b3JkIjoic3VubGlhbmciLCJleHAiOjE2MDA1MzQ3MjIsImlhdCI6MTYwMDQ0ODMyMiwianRpIjoiZmRkZWJkZjktMjg5ZS00ZjgwLWEzZWItYjExNGE4ZWViZjgyIiwidXNlcm5hbWUiOiJzdW5saWFuZyJ9.2NJuAqaadEuiksfSaE5RB5sIXfqyk1cs7nNFpx2fAs0
2020-09-19 01:24:38.132 [http-nio-8080-exec-3] INFO  o.c.crdemo.interceptor.AuthenticationInterceptor - ====拦截到了方法：hi，在该方法执行之前执行====
2020-09-19 01:24:38.132 [http-nio-8080-exec-3] INFO  o.c.crdemo.interceptor.AuthenticationInterceptor - Authorization:eyJhbGciOiJIUzI1NiJ9.eyJzdWIiOiJzdW5saWFuZyIsInBhc3N3b3JkIjoic3VubGlhbmciLCJleHAiOjE2MDA1MzQ3MjIsImlhdCI6MTYwMDQ0ODMyMiwianRpIjoiZmRkZWJkZjktMjg5ZS00ZjgwLWEzZWItYjExNGE4ZWViZjgyIiwidXNlcm5hbWUiOiJzdW5saWFuZyJ9.2NJuAqaadEuiksfSaE5RB5sIXfqyk1cs7nNFpx2fAs
2020-09-19 01:24:38.142 [http-nio-8080-exec-3] INFO  o.c.crdemo.interceptor.AuthenticationInterceptor - ====拦截到了方法：error，在该方法执行之前执行====
2020-09-19 01:24:38.143 [http-nio-8080-exec-3] INFO  o.c.crdemo.interceptor.AuthenticationInterceptor - Authorization:eyJhbGciOiJIUzI1NiJ9.eyJzdWIiOiJzdW5saWFuZyIsInBhc3N3b3JkIjoic3VubGlhbmciLCJleHAiOjE2MDA1MzQ3MjIsImlhdCI6MTYwMDQ0ODMyMiwianRpIjoiZmRkZWJkZjktMjg5ZS00ZjgwLWEzZWItYjExNGE4ZWViZjgyIiwidXNlcm5hbWUiOiJzdW5saWFuZyJ9.2NJuAqaadEuiksfSaE5RB5sIXfqyk1cs7nNFpx2fAs
2020-09-19 01:25:58.415 [Thread-11] INFO  com.alibaba.druid.pool.DruidDataSource - {dataSource-1} closed
2020-09-19 01:25:58.643 [restartedMain] INFO  org.chatroom.crdemo.CrdemoApplication - Starting CrdemoApplication on DESKTOP-UQQALD5 with PID 14508 (C:\Users\V\IdeaProjects\crdemo\target\classes started by V in C:\Users\V\IdeaProjects\crdemo)
2020-09-19 01:25:58.644 [restartedMain] INFO  org.chatroom.crdemo.CrdemoApplication - No active profile set, falling back to default profiles: default
2020-09-19 01:25:58.977 [restartedMain] INFO  o.s.boot.web.embedded.tomcat.TomcatWebServer - Tomcat initialized with port(s): 8080 (http)
2020-09-19 01:25:58.978 [restartedMain] INFO  org.apache.coyote.http11.Http11NioProtocol - Initializing ProtocolHandler ["http-nio-8080"]
2020-09-19 01:25:58.978 [restartedMain] INFO  org.apache.catalina.core.StandardService - Starting service [Tomcat]
2020-09-19 01:25:58.978 [restartedMain] INFO  org.apache.catalina.core.StandardEngine - Starting Servlet engine: [Apache Tomcat/9.0.37]
2020-09-19 01:25:59.010 [restartedMain] INFO  o.a.c.core.ContainerBase.[Tomcat].[localhost].[/] - Initializing Spring embedded WebApplicationContext
2020-09-19 01:25:59.010 [restartedMain] INFO  o.s.b.w.s.c.ServletWebServerApplicationContext - Root WebApplicationContext: initialization completed in 363 ms
2020-09-19 01:25:59.183 [restartedMain] INFO  o.s.b.d.autoconfigure.OptionalLiveReloadServer - LiveReload server is running on port 35729
2020-09-19 01:25:59.192 [restartedMain] INFO  org.apache.coyote.http11.Http11NioProtocol - Starting ProtocolHandler ["http-nio-8080"]
2020-09-19 01:25:59.196 [restartedMain] INFO  o.s.boot.web.embedded.tomcat.TomcatWebServer - Tomcat started on port(s): 8080 (http) with context path ''
2020-09-19 01:25:59.198 [restartedMain] INFO  org.chatroom.crdemo.CrdemoApplication - Started CrdemoApplication in 0.635 seconds (JVM running for 143.061)
2020-09-19 01:25:59.200 [restartedMain] INFO  o.s.b.d.a.ConditionEvaluationDeltaLoggingListener - Condition evaluation unchanged
2020-09-19 01:26:30.408 [restartedMain] INFO  org.chatroom.crdemo.CrdemoApplication - Starting CrdemoApplication on DESKTOP-UQQALD5 with PID 14508 (C:\Users\V\IdeaProjects\crdemo\target\classes started by V in C:\Users\V\IdeaProjects\crdemo)
2020-09-19 01:26:30.409 [restartedMain] INFO  org.chatroom.crdemo.CrdemoApplication - No active profile set, falling back to default profiles: default
2020-09-19 01:26:30.729 [restartedMain] INFO  o.s.boot.web.embedded.tomcat.TomcatWebServer - Tomcat initialized with port(s): 8080 (http)
2020-09-19 01:26:30.730 [restartedMain] INFO  org.apache.coyote.http11.Http11NioProtocol - Initializing ProtocolHandler ["http-nio-8080"]
2020-09-19 01:26:30.730 [restartedMain] INFO  org.apache.catalina.core.StandardService - Starting service [Tomcat]
2020-09-19 01:26:30.730 [restartedMain] INFO  org.apache.catalina.core.StandardEngine - Starting Servlet engine: [Apache Tomcat/9.0.37]
2020-09-19 01:26:30.758 [restartedMain] INFO  o.a.c.core.ContainerBase.[Tomcat].[localhost].[/] - Initializing Spring embedded WebApplicationContext
2020-09-19 01:26:30.758 [restartedMain] INFO  o.s.b.w.s.c.ServletWebServerApplicationContext - Root WebApplicationContext: initialization completed in 344 ms
2020-09-19 01:26:30.926 [restartedMain] INFO  o.s.b.d.autoconfigure.OptionalLiveReloadServer - LiveReload server is running on port 35729
2020-09-19 01:26:30.936 [restartedMain] INFO  org.apache.coyote.http11.Http11NioProtocol - Starting ProtocolHandler ["http-nio-8080"]
2020-09-19 01:26:30.939 [restartedMain] INFO  o.s.boot.web.embedded.tomcat.TomcatWebServer - Tomcat started on port(s): 8080 (http) with context path ''
2020-09-19 01:26:30.942 [restartedMain] INFO  org.chatroom.crdemo.CrdemoApplication - Started CrdemoApplication in 0.612 seconds (JVM running for 174.803)
2020-09-19 01:26:30.943 [restartedMain] INFO  o.s.b.d.a.ConditionEvaluationDeltaLoggingListener - Condition evaluation unchanged
2020-09-19 01:28:15.185 [background-preinit] INFO  org.hibernate.validator.internal.util.Version - HV000001: Hibernate Validator 6.1.5.Final
2020-09-19 01:28:15.201 [restartedMain] INFO  org.chatroom.crdemo.CrdemoApplication - Starting CrdemoApplication on DESKTOP-UQQALD5 with PID 18660 (C:\Users\V\IdeaProjects\crdemo\target\classes started by V in C:\Users\V\IdeaProjects\crdemo)
2020-09-19 01:28:15.202 [restartedMain] INFO  org.chatroom.crdemo.CrdemoApplication - No active profile set, falling back to default profiles: default
2020-09-19 01:28:15.254 [restartedMain] INFO  o.s.b.d.env.DevToolsPropertyDefaultsPostProcessor - Devtools property defaults active! Set 'spring.devtools.add-properties' to 'false' to disable
2020-09-19 01:28:15.254 [restartedMain] INFO  o.s.b.d.env.DevToolsPropertyDefaultsPostProcessor - For additional web related logging consider setting the 'logging.level.web' property to 'DEBUG'
2020-09-19 01:28:16.438 [restartedMain] INFO  o.s.boot.web.embedded.tomcat.TomcatWebServer - Tomcat initialized with port(s): 8080 (http)
2020-09-19 01:28:16.449 [restartedMain] INFO  org.apache.coyote.http11.Http11NioProtocol - Initializing ProtocolHandler ["http-nio-8080"]
2020-09-19 01:28:16.450 [restartedMain] INFO  org.apache.catalina.core.StandardService - Starting service [Tomcat]
2020-09-19 01:28:16.451 [restartedMain] INFO  org.apache.catalina.core.StandardEngine - Starting Servlet engine: [Apache Tomcat/9.0.37]
2020-09-19 01:28:16.577 [restartedMain] INFO  o.a.c.core.ContainerBase.[Tomcat].[localhost].[/] - Initializing Spring embedded WebApplicationContext
2020-09-19 01:28:16.578 [restartedMain] INFO  o.s.b.w.s.c.ServletWebServerApplicationContext - Root WebApplicationContext: initialization completed in 1324 ms
2020-09-19 01:28:17.303 [restartedMain] INFO  o.s.b.d.autoconfigure.OptionalLiveReloadServer - LiveReload server is running on port 35729
2020-09-19 01:28:17.319 [restartedMain] INFO  org.apache.coyote.http11.Http11NioProtocol - Starting ProtocolHandler ["http-nio-8080"]
2020-09-19 01:28:17.339 [restartedMain] INFO  o.s.boot.web.embedded.tomcat.TomcatWebServer - Tomcat started on port(s): 8080 (http) with context path ''
2020-09-19 01:28:17.348 [restartedMain] INFO  org.chatroom.crdemo.CrdemoApplication - Started CrdemoApplication in 2.628 seconds (JVM running for 3.757)
2020-09-19 01:28:24.725 [http-nio-8080-exec-1] INFO  o.a.c.core.ContainerBase.[Tomcat].[localhost].[/] - Initializing Spring DispatcherServlet 'dispatcherServlet'
2020-09-19 01:28:24.725 [http-nio-8080-exec-1] INFO  org.springframework.web.servlet.DispatcherServlet - Initializing Servlet 'dispatcherServlet'
2020-09-19 01:28:24.729 [http-nio-8080-exec-1] INFO  org.springframework.web.servlet.DispatcherServlet - Completed initialization in 4 ms
2020-09-19 01:28:24.739 [http-nio-8080-exec-1] INFO  o.c.crdemo.interceptor.AuthenticationInterceptor - ====拦截到了方法：hi，在该方法执行之前执行====
2020-09-19 01:28:24.739 [http-nio-8080-exec-1] INFO  o.c.crdemo.interceptor.AuthenticationInterceptor - Authorization:null
2020-09-19 01:28:24.739 [http-nio-8080-exec-1] INFO  o.c.crdemo.interceptor.AuthenticationInterceptor - Authorization为空，未登录
2020-09-19 01:28:24.741 [http-nio-8080-exec-1] INFO  org.chatroom.crdemo.exception.ApiErrorException - exception=101message=101
2020-09-19 01:28:24.741 [http-nio-8080-exec-1] INFO  org.chatroom.crdemo.exception.Api401Exception - exception=101message=101
2020-09-19 01:29:51.125 [background-preinit] INFO  org.hibernate.validator.internal.util.Version - HV000001: Hibernate Validator 6.1.5.Final
2020-09-19 01:29:51.144 [restartedMain] INFO  org.chatroom.crdemo.CrdemoApplication - Starting CrdemoApplication on DESKTOP-UQQALD5 with PID 1844 (C:\Users\V\IdeaProjects\crdemo\target\classes started by V in C:\Users\V\IdeaProjects\crdemo)
2020-09-19 01:29:51.145 [restartedMain] INFO  org.chatroom.crdemo.CrdemoApplication - No active profile set, falling back to default profiles: default
2020-09-19 01:29:51.201 [restartedMain] INFO  o.s.b.d.env.DevToolsPropertyDefaultsPostProcessor - Devtools property defaults active! Set 'spring.devtools.add-properties' to 'false' to disable
2020-09-19 01:29:51.201 [restartedMain] INFO  o.s.b.d.env.DevToolsPropertyDefaultsPostProcessor - For additional web related logging consider setting the 'logging.level.web' property to 'DEBUG'
2020-09-19 01:29:52.495 [restartedMain] INFO  o.s.boot.web.embedded.tomcat.TomcatWebServer - Tomcat initialized with port(s): 8080 (http)
2020-09-19 01:29:52.508 [restartedMain] INFO  org.apache.coyote.http11.Http11NioProtocol - Initializing ProtocolHandler ["http-nio-8080"]
2020-09-19 01:29:52.509 [restartedMain] INFO  org.apache.catalina.core.StandardService - Starting service [Tomcat]
2020-09-19 01:29:52.510 [restartedMain] INFO  org.apache.catalina.core.StandardEngine - Starting Servlet engine: [Apache Tomcat/9.0.37]
2020-09-19 01:29:52.641 [restartedMain] INFO  o.a.c.core.ContainerBase.[Tomcat].[localhost].[/] - Initializing Spring embedded WebApplicationContext
2020-09-19 01:29:52.642 [restartedMain] INFO  o.s.b.w.s.c.ServletWebServerApplicationContext - Root WebApplicationContext: initialization completed in 1441 ms
2020-09-19 01:29:53.532 [restartedMain] INFO  o.s.b.d.autoconfigure.OptionalLiveReloadServer - LiveReload server is running on port 35729
2020-09-19 01:29:53.549 [restartedMain] INFO  org.apache.coyote.http11.Http11NioProtocol - Starting ProtocolHandler ["http-nio-8080"]
2020-09-19 01:29:53.569 [restartedMain] INFO  o.s.boot.web.embedded.tomcat.TomcatWebServer - Tomcat started on port(s): 8080 (http) with context path ''
2020-09-19 01:29:53.579 [restartedMain] INFO  org.chatroom.crdemo.CrdemoApplication - Started CrdemoApplication in 2.978 seconds (JVM running for 4.086)
2020-09-19 01:29:56.956 [http-nio-8080-exec-1] INFO  o.a.c.core.ContainerBase.[Tomcat].[localhost].[/] - Initializing Spring DispatcherServlet 'dispatcherServlet'
2020-09-19 01:29:56.957 [http-nio-8080-exec-1] INFO  org.springframework.web.servlet.DispatcherServlet - Initializing Servlet 'dispatcherServlet'
2020-09-19 01:29:56.961 [http-nio-8080-exec-1] INFO  org.springframework.web.servlet.DispatcherServlet - Completed initialization in 4 ms
2020-09-19 01:29:56.970 [http-nio-8080-exec-1] INFO  o.c.crdemo.interceptor.AuthenticationInterceptor - ====拦截到了方法：hi，在该方法执行之前执行====
2020-09-19 01:29:56.971 [http-nio-8080-exec-1] INFO  o.c.crdemo.interceptor.AuthenticationInterceptor - Authorization:null
2020-09-19 01:29:56.971 [http-nio-8080-exec-1] INFO  o.c.crdemo.interceptor.AuthenticationInterceptor - Authorization为空，未登录
2020-09-19 01:29:56.972 [http-nio-8080-exec-1] INFO  org.chatroom.crdemo.exception.ApiErrorException - exception=101message=101
2020-09-19 01:29:56.972 [http-nio-8080-exec-1] INFO  org.chatroom.crdemo.exception.Api401Exception - exception=101message=101
2020-09-19 01:31:20.344 [restartedMain] INFO  org.chatroom.crdemo.CrdemoApplication - Starting CrdemoApplication on DESKTOP-UQQALD5 with PID 1844 (C:\Users\V\IdeaProjects\crdemo\target\classes started by V in C:\Users\V\IdeaProjects\crdemo)
2020-09-19 01:31:20.345 [restartedMain] INFO  org.chatroom.crdemo.CrdemoApplication - No active profile set, falling back to default profiles: default
2020-09-19 01:31:20.748 [restartedMain] INFO  o.s.boot.web.embedded.tomcat.TomcatWebServer - Tomcat initialized with port(s): 8080 (http)
2020-09-19 01:31:20.748 [restartedMain] INFO  org.apache.coyote.http11.Http11NioProtocol - Initializing ProtocolHandler ["http-nio-8080"]
2020-09-19 01:31:20.749 [restartedMain] INFO  org.apache.catalina.core.StandardService - Starting service [Tomcat]
2020-09-19 01:31:20.749 [restartedMain] INFO  org.apache.catalina.core.StandardEngine - Starting Servlet engine: [Apache Tomcat/9.0.37]
2020-09-19 01:31:20.786 [restartedMain] INFO  o.a.c.core.ContainerBase.[Tomcat].[localhost].[/] - Initializing Spring embedded WebApplicationContext
2020-09-19 01:31:20.786 [restartedMain] INFO  o.s.b.w.s.c.ServletWebServerApplicationContext - Root WebApplicationContext: initialization completed in 435 ms
2020-09-19 01:31:20.967 [restartedMain] INFO  o.s.b.d.autoconfigure.OptionalLiveReloadServer - LiveReload server is running on port 35729
2020-09-19 01:31:20.978 [restartedMain] INFO  org.apache.coyote.http11.Http11NioProtocol - Starting ProtocolHandler ["http-nio-8080"]
2020-09-19 01:31:20.982 [restartedMain] INFO  o.s.boot.web.embedded.tomcat.TomcatWebServer - Tomcat started on port(s): 8080 (http) with context path ''
2020-09-19 01:31:20.986 [restartedMain] INFO  org.chatroom.crdemo.CrdemoApplication - Started CrdemoApplication in 0.731 seconds (JVM running for 91.493)
2020-09-19 01:31:20.988 [restartedMain] INFO  o.s.b.d.a.ConditionEvaluationDeltaLoggingListener - Condition evaluation unchanged
2020-09-19 01:31:45.505 [restartedMain] INFO  org.chatroom.crdemo.CrdemoApplication - Starting CrdemoApplication on DESKTOP-UQQALD5 with PID 1844 (C:\Users\V\IdeaProjects\crdemo\target\classes started by V in C:\Users\V\IdeaProjects\crdemo)
2020-09-19 01:31:45.505 [restartedMain] INFO  org.chatroom.crdemo.CrdemoApplication - No active profile set, falling back to default profiles: default
2020-09-19 01:31:45.877 [restartedMain] INFO  o.s.boot.web.embedded.tomcat.TomcatWebServer - Tomcat initialized with port(s): 8080 (http)
2020-09-19 01:31:45.877 [restartedMain] INFO  org.apache.coyote.http11.Http11NioProtocol - Initializing ProtocolHandler ["http-nio-8080"]
2020-09-19 01:31:45.877 [restartedMain] INFO  org.apache.catalina.core.StandardService - Starting service [Tomcat]
2020-09-19 01:31:45.878 [restartedMain] INFO  org.apache.catalina.core.StandardEngine - Starting Servlet engine: [Apache Tomcat/9.0.37]
2020-09-19 01:31:45.909 [restartedMain] INFO  o.a.c.core.ContainerBase.[Tomcat].[localhost].[/] - Initializing Spring embedded WebApplicationContext
2020-09-19 01:31:45.909 [restartedMain] INFO  o.s.b.w.s.c.ServletWebServerApplicationContext - Root WebApplicationContext: initialization completed in 401 ms
2020-09-19 01:31:46.039 [restartedMain] INFO  org.apache.catalina.core.StandardService - Stopping service [Tomcat]
2020-09-19 01:31:46.046 [restartedMain] INFO  o.s.b.a.l.ConditionEvaluationReportLoggingListener - 

Error starting ApplicationContext. To display the conditions report re-run your application with 'debug' enabled.
2020-09-19 01:31:55.041 [restartedMain] INFO  org.chatroom.crdemo.CrdemoApplication - Starting CrdemoApplication on DESKTOP-UQQALD5 with PID 1844 (C:\Users\V\IdeaProjects\crdemo\target\classes started by V in C:\Users\V\IdeaProjects\crdemo)
2020-09-19 01:31:55.042 [restartedMain] INFO  org.chatroom.crdemo.CrdemoApplication - No active profile set, falling back to default profiles: default
2020-09-19 01:31:55.482 [restartedMain] INFO  o.s.boot.web.embedded.tomcat.TomcatWebServer - Tomcat initialized with port(s): 8080 (http)
2020-09-19 01:31:55.482 [restartedMain] INFO  org.apache.coyote.http11.Http11NioProtocol - Initializing ProtocolHandler ["http-nio-8080"]
2020-09-19 01:31:55.483 [restartedMain] INFO  org.apache.catalina.core.StandardService - Starting service [Tomcat]
2020-09-19 01:31:55.483 [restartedMain] INFO  org.apache.catalina.core.StandardEngine - Starting Servlet engine: [Apache Tomcat/9.0.37]
2020-09-19 01:31:55.510 [restartedMain] INFO  o.a.c.c.ContainerBase.[Tomcat-1].[localhost].[/] - Initializing Spring embedded WebApplicationContext
2020-09-19 01:31:55.510 [restartedMain] INFO  o.s.b.w.s.c.ServletWebServerApplicationContext - Root WebApplicationContext: initialization completed in 464 ms
2020-09-19 01:31:55.691 [restartedMain] INFO  o.s.b.d.autoconfigure.OptionalLiveReloadServer - LiveReload server is running on port 35729
2020-09-19 01:31:55.701 [restartedMain] INFO  org.apache.coyote.http11.Http11NioProtocol - Starting ProtocolHandler ["http-nio-8080"]
2020-09-19 01:31:55.704 [restartedMain] INFO  o.s.boot.web.embedded.tomcat.TomcatWebServer - Tomcat started on port(s): 8080 (http) with context path ''
2020-09-19 01:31:55.708 [restartedMain] INFO  org.chatroom.crdemo.CrdemoApplication - Started CrdemoApplication in 0.762 seconds (JVM running for 126.215)
2020-09-19 01:31:55.709 [restartedMain] INFO  o.s.b.d.a.ConditionEvaluationDeltaLoggingListener - Condition evaluation unchanged
2020-09-19 01:32:40.135 [restartedMain] INFO  org.chatroom.crdemo.CrdemoApplication - Starting CrdemoApplication on DESKTOP-UQQALD5 with PID 1844 (C:\Users\V\IdeaProjects\crdemo\target\classes started by V in C:\Users\V\IdeaProjects\crdemo)
2020-09-19 01:32:40.135 [restartedMain] INFO  org.chatroom.crdemo.CrdemoApplication - No active profile set, falling back to default profiles: default
2020-09-19 01:32:40.484 [restartedMain] INFO  o.s.boot.web.embedded.tomcat.TomcatWebServer - Tomcat initialized with port(s): 8080 (http)
2020-09-19 01:32:40.485 [restartedMain] INFO  org.apache.coyote.http11.Http11NioProtocol - Initializing ProtocolHandler ["http-nio-8080"]
2020-09-19 01:32:40.485 [restartedMain] INFO  org.apache.catalina.core.StandardService - Starting service [Tomcat]
2020-09-19 01:32:40.485 [restartedMain] INFO  org.apache.catalina.core.StandardEngine - Starting Servlet engine: [Apache Tomcat/9.0.37]
2020-09-19 01:32:40.516 [restartedMain] INFO  o.a.c.c.ContainerBase.[Tomcat-1].[localhost].[/] - Initializing Spring embedded WebApplicationContext
2020-09-19 01:32:40.517 [restartedMain] INFO  o.s.b.w.s.c.ServletWebServerApplicationContext - Root WebApplicationContext: initialization completed in 379 ms
2020-09-19 01:32:40.702 [restartedMain] INFO  o.s.b.d.autoconfigure.OptionalLiveReloadServer - LiveReload server is running on port 35729
2020-09-19 01:32:40.711 [restartedMain] INFO  org.apache.coyote.http11.Http11NioProtocol - Starting ProtocolHandler ["http-nio-8080"]
2020-09-19 01:32:40.715 [restartedMain] INFO  o.s.boot.web.embedded.tomcat.TomcatWebServer - Tomcat started on port(s): 8080 (http) with context path ''
2020-09-19 01:32:40.718 [restartedMain] INFO  org.chatroom.crdemo.CrdemoApplication - Started CrdemoApplication in 0.651 seconds (JVM running for 171.225)
2020-09-19 01:32:40.719 [restartedMain] INFO  o.s.b.d.a.ConditionEvaluationDeltaLoggingListener - Condition evaluation unchanged
2020-09-19 01:32:48.708 [background-preinit] INFO  org.hibernate.validator.internal.util.Version - HV000001: Hibernate Validator 6.1.5.Final
2020-09-19 01:32:48.731 [restartedMain] INFO  org.chatroom.crdemo.CrdemoApplication - Starting CrdemoApplication on DESKTOP-UQQALD5 with PID 21288 (C:\Users\V\IdeaProjects\crdemo\target\classes started by V in C:\Users\V\IdeaProjects\crdemo)
2020-09-19 01:32:48.732 [restartedMain] INFO  org.chatroom.crdemo.CrdemoApplication - No active profile set, falling back to default profiles: default
2020-09-19 01:32:48.788 [restartedMain] INFO  o.s.b.d.env.DevToolsPropertyDefaultsPostProcessor - Devtools property defaults active! Set 'spring.devtools.add-properties' to 'false' to disable
2020-09-19 01:32:48.788 [restartedMain] INFO  o.s.b.d.env.DevToolsPropertyDefaultsPostProcessor - For additional web related logging consider setting the 'logging.level.web' property to 'DEBUG'
2020-09-19 01:32:50.311 [restartedMain] INFO  o.s.boot.web.embedded.tomcat.TomcatWebServer - Tomcat initialized with port(s): 8080 (http)
2020-09-19 01:32:50.320 [restartedMain] INFO  org.apache.coyote.http11.Http11NioProtocol - Initializing ProtocolHandler ["http-nio-8080"]
2020-09-19 01:32:50.321 [restartedMain] INFO  org.apache.catalina.core.StandardService - Starting service [Tomcat]
2020-09-19 01:32:50.321 [restartedMain] INFO  org.apache.catalina.core.StandardEngine - Starting Servlet engine: [Apache Tomcat/9.0.37]
2020-09-19 01:32:50.431 [restartedMain] INFO  o.a.c.core.ContainerBase.[Tomcat].[localhost].[/] - Initializing Spring embedded WebApplicationContext
2020-09-19 01:32:50.431 [restartedMain] INFO  o.s.b.w.s.c.ServletWebServerApplicationContext - Root WebApplicationContext: initialization completed in 1642 ms
2020-09-19 01:32:51.191 [restartedMain] INFO  o.s.b.d.autoconfigure.OptionalLiveReloadServer - LiveReload server is running on port 35729
2020-09-19 01:32:51.209 [restartedMain] INFO  org.apache.coyote.http11.Http11NioProtocol - Starting ProtocolHandler ["http-nio-8080"]
2020-09-19 01:32:51.232 [restartedMain] INFO  o.s.boot.web.embedded.tomcat.TomcatWebServer - Tomcat started on port(s): 8080 (http) with context path ''
2020-09-19 01:32:51.242 [restartedMain] INFO  org.chatroom.crdemo.CrdemoApplication - Started CrdemoApplication in 2.951 seconds (JVM running for 4.063)
2020-09-19 01:33:09.595 [http-nio-8080-exec-1] INFO  o.a.c.core.ContainerBase.[Tomcat].[localhost].[/] - Initializing Spring DispatcherServlet 'dispatcherServlet'
2020-09-19 01:33:09.596 [http-nio-8080-exec-1] INFO  org.springframework.web.servlet.DispatcherServlet - Initializing Servlet 'dispatcherServlet'
2020-09-19 01:33:09.600 [http-nio-8080-exec-1] INFO  org.springframework.web.servlet.DispatcherServlet - Completed initialization in 4 ms
2020-09-19 01:33:09.611 [http-nio-8080-exec-1] INFO  o.c.crdemo.interceptor.AuthenticationInterceptor - ====拦截到了方法：hi，在该方法执行之前执行====
2020-09-19 01:33:09.612 [http-nio-8080-exec-1] INFO  o.c.crdemo.interceptor.AuthenticationInterceptor - Authorization:null
2020-09-19 01:33:09.612 [http-nio-8080-exec-1] INFO  o.c.crdemo.interceptor.AuthenticationInterceptor - Authorization为空，未登录
2020-09-19 01:33:09.613 [http-nio-8080-exec-1] INFO  org.chatroom.crdemo.exception.ApiErrorException - exception=101message=101
2020-09-19 01:33:09.613 [http-nio-8080-exec-1] INFO  org.chatroom.crdemo.exception.Api401Exception - exception=101message=101
2020-09-19 01:37:35.202 [restartedMain] INFO  org.chatroom.crdemo.CrdemoApplication - Starting CrdemoApplication on DESKTOP-UQQALD5 with PID 21288 (C:\Users\V\IdeaProjects\crdemo\target\classes started by V in C:\Users\V\IdeaProjects\crdemo)
2020-09-19 01:37:35.202 [restartedMain] INFO  org.chatroom.crdemo.CrdemoApplication - No active profile set, falling back to default profiles: default
2020-09-19 01:37:35.627 [restartedMain] INFO  o.s.boot.web.embedded.tomcat.TomcatWebServer - Tomcat initialized with port(s): 8080 (http)
2020-09-19 01:37:35.627 [restartedMain] INFO  org.apache.coyote.http11.Http11NioProtocol - Initializing ProtocolHandler ["http-nio-8080"]
2020-09-19 01:37:35.628 [restartedMain] INFO  org.apache.catalina.core.StandardService - Starting service [Tomcat]
2020-09-19 01:37:35.628 [restartedMain] INFO  org.apache.catalina.core.StandardEngine - Starting Servlet engine: [Apache Tomcat/9.0.37]
2020-09-19 01:37:35.674 [restartedMain] INFO  o.a.c.core.ContainerBase.[Tomcat].[localhost].[/] - Initializing Spring embedded WebApplicationContext
2020-09-19 01:37:35.675 [restartedMain] INFO  o.s.b.w.s.c.ServletWebServerApplicationContext - Root WebApplicationContext: initialization completed in 469 ms
2020-09-19 01:37:35.859 [restartedMain] INFO  o.s.b.d.autoconfigure.OptionalLiveReloadServer - LiveReload server is running on port 35729
2020-09-19 01:37:35.868 [restartedMain] INFO  org.apache.coyote.http11.Http11NioProtocol - Starting ProtocolHandler ["http-nio-8080"]
2020-09-19 01:37:35.871 [restartedMain] INFO  o.s.boot.web.embedded.tomcat.TomcatWebServer - Tomcat started on port(s): 8080 (http) with context path ''
2020-09-19 01:37:35.875 [restartedMain] INFO  org.chatroom.crdemo.CrdemoApplication - Started CrdemoApplication in 0.743 seconds (JVM running for 288.696)
2020-09-19 01:37:35.876 [restartedMain] INFO  o.s.b.d.a.ConditionEvaluationDeltaLoggingListener - Condition evaluation unchanged
2020-09-19 01:38:23.893 [restartedMain] INFO  org.chatroom.crdemo.CrdemoApplication - Starting CrdemoApplication on DESKTOP-UQQALD5 with PID 21288 (C:\Users\V\IdeaProjects\crdemo\target\classes started by V in C:\Users\V\IdeaProjects\crdemo)
2020-09-19 01:38:23.894 [restartedMain] INFO  org.chatroom.crdemo.CrdemoApplication - No active profile set, falling back to default profiles: default
2020-09-19 01:38:24.305 [restartedMain] INFO  o.s.boot.web.embedded.tomcat.TomcatWebServer - Tomcat initialized with port(s): 8080 (http)
2020-09-19 01:38:24.306 [restartedMain] INFO  org.apache.coyote.http11.Http11NioProtocol - Initializing ProtocolHandler ["http-nio-8080"]
2020-09-19 01:38:24.306 [restartedMain] INFO  org.apache.catalina.core.StandardService - Starting service [Tomcat]
2020-09-19 01:38:24.306 [restartedMain] INFO  org.apache.catalina.core.StandardEngine - Starting Servlet engine: [Apache Tomcat/9.0.37]
2020-09-19 01:38:24.340 [restartedMain] INFO  o.a.c.core.ContainerBase.[Tomcat].[localhost].[/] - Initializing Spring embedded WebApplicationContext
2020-09-19 01:38:24.340 [restartedMain] INFO  o.s.b.w.s.c.ServletWebServerApplicationContext - Root WebApplicationContext: initialization completed in 443 ms
2020-09-19 01:38:24.544 [restartedMain] INFO  o.s.b.d.autoconfigure.OptionalLiveReloadServer - LiveReload server is running on port 35729
2020-09-19 01:38:24.561 [restartedMain] INFO  org.apache.coyote.http11.Http11NioProtocol - Starting ProtocolHandler ["http-nio-8080"]
2020-09-19 01:38:24.565 [restartedMain] INFO  o.s.boot.web.embedded.tomcat.TomcatWebServer - Tomcat started on port(s): 8080 (http) with context path ''
2020-09-19 01:38:24.569 [restartedMain] INFO  org.chatroom.crdemo.CrdemoApplication - Started CrdemoApplication in 0.744 seconds (JVM running for 337.39)
2020-09-19 01:38:24.571 [restartedMain] INFO  o.s.b.d.a.ConditionEvaluationDeltaLoggingListener - Condition evaluation unchanged
2020-09-19 01:39:26.633 [restartedMain] INFO  org.chatroom.crdemo.CrdemoApplication - Starting CrdemoApplication on DESKTOP-UQQALD5 with PID 21288 (C:\Users\V\IdeaProjects\crdemo\target\classes started by V in C:\Users\V\IdeaProjects\crdemo)
2020-09-19 01:39:26.633 [restartedMain] INFO  org.chatroom.crdemo.CrdemoApplication - No active profile set, falling back to default profiles: default
2020-09-19 01:39:27.025 [restartedMain] INFO  o.s.boot.web.embedded.tomcat.TomcatWebServer - Tomcat initialized with port(s): 8080 (http)
2020-09-19 01:39:27.026 [restartedMain] INFO  org.apache.coyote.http11.Http11NioProtocol - Initializing ProtocolHandler ["http-nio-8080"]
2020-09-19 01:39:27.026 [restartedMain] INFO  org.apache.catalina.core.StandardService - Starting service [Tomcat]
2020-09-19 01:39:27.027 [restartedMain] INFO  org.apache.catalina.core.StandardEngine - Starting Servlet engine: [Apache Tomcat/9.0.37]
2020-09-19 01:39:27.058 [restartedMain] INFO  o.a.c.core.ContainerBase.[Tomcat].[localhost].[/] - Initializing Spring embedded WebApplicationContext
2020-09-19 01:39:27.058 [restartedMain] INFO  o.s.b.w.s.c.ServletWebServerApplicationContext - Root WebApplicationContext: initialization completed in 421 ms
2020-09-19 01:39:27.294 [restartedMain] INFO  o.s.b.d.autoconfigure.OptionalLiveReloadServer - LiveReload server is running on port 35729
2020-09-19 01:39:27.311 [restartedMain] INFO  org.apache.coyote.http11.Http11NioProtocol - Starting ProtocolHandler ["http-nio-8080"]
2020-09-19 01:39:27.317 [restartedMain] INFO  o.s.boot.web.embedded.tomcat.TomcatWebServer - Tomcat started on port(s): 8080 (http) with context path ''
2020-09-19 01:39:27.322 [restartedMain] INFO  org.chatroom.crdemo.CrdemoApplication - Started CrdemoApplication in 0.759 seconds (JVM running for 400.143)
2020-09-19 01:39:27.324 [restartedMain] INFO  o.s.b.d.a.ConditionEvaluationDeltaLoggingListener - Condition evaluation unchanged
2020-09-19 01:40:28.310 [restartedMain] INFO  org.chatroom.crdemo.CrdemoApplication - Starting CrdemoApplication on DESKTOP-UQQALD5 with PID 21288 (C:\Users\V\IdeaProjects\crdemo\target\classes started by V in C:\Users\V\IdeaProjects\crdemo)
2020-09-19 01:40:28.310 [restartedMain] INFO  org.chatroom.crdemo.CrdemoApplication - No active profile set, falling back to default profiles: default
2020-09-19 01:40:28.681 [restartedMain] INFO  o.s.boot.web.embedded.tomcat.TomcatWebServer - Tomcat initialized with port(s): 8080 (http)
2020-09-19 01:40:28.681 [restartedMain] INFO  org.apache.coyote.http11.Http11NioProtocol - Initializing ProtocolHandler ["http-nio-8080"]
2020-09-19 01:40:28.682 [restartedMain] INFO  org.apache.catalina.core.StandardService - Starting service [Tomcat]
2020-09-19 01:40:28.682 [restartedMain] INFO  org.apache.catalina.core.StandardEngine - Starting Servlet engine: [Apache Tomcat/9.0.37]
2020-09-19 01:40:28.715 [restartedMain] INFO  o.a.c.core.ContainerBase.[Tomcat].[localhost].[/] - Initializing Spring embedded WebApplicationContext
2020-09-19 01:40:28.715 [restartedMain] INFO  o.s.b.w.s.c.ServletWebServerApplicationContext - Root WebApplicationContext: initialization completed in 400 ms
2020-09-19 01:40:28.907 [restartedMain] INFO  o.s.b.d.autoconfigure.OptionalLiveReloadServer - LiveReload server is running on port 35729
2020-09-19 01:40:28.916 [restartedMain] INFO  org.apache.coyote.http11.Http11NioProtocol - Starting ProtocolHandler ["http-nio-8080"]
2020-09-19 01:40:28.920 [restartedMain] INFO  o.s.boot.web.embedded.tomcat.TomcatWebServer - Tomcat started on port(s): 8080 (http) with context path ''
2020-09-19 01:40:28.924 [restartedMain] INFO  org.chatroom.crdemo.CrdemoApplication - Started CrdemoApplication in 0.704 seconds (JVM running for 461.744)
2020-09-19 01:40:28.925 [restartedMain] INFO  o.s.b.d.a.ConditionEvaluationDeltaLoggingListener - Condition evaluation unchanged
2020-09-19 01:40:33.278 [restartedMain] INFO  org.chatroom.crdemo.CrdemoApplication - Starting CrdemoApplication on DESKTOP-UQQALD5 with PID 21288 (C:\Users\V\IdeaProjects\crdemo\target\classes started by V in C:\Users\V\IdeaProjects\crdemo)
2020-09-19 01:40:33.279 [restartedMain] INFO  org.chatroom.crdemo.CrdemoApplication - No active profile set, falling back to default profiles: default
2020-09-19 01:40:33.679 [restartedMain] INFO  o.s.boot.web.embedded.tomcat.TomcatWebServer - Tomcat initialized with port(s): 8080 (http)
2020-09-19 01:40:33.679 [restartedMain] INFO  org.apache.coyote.http11.Http11NioProtocol - Initializing ProtocolHandler ["http-nio-8080"]
2020-09-19 01:40:33.679 [restartedMain] INFO  org.apache.catalina.core.StandardService - Starting service [Tomcat]
2020-09-19 01:40:33.679 [restartedMain] INFO  org.apache.catalina.core.StandardEngine - Starting Servlet engine: [Apache Tomcat/9.0.37]
2020-09-19 01:40:33.714 [restartedMain] INFO  o.a.c.core.ContainerBase.[Tomcat].[localhost].[/] - Initializing Spring embedded WebApplicationContext
2020-09-19 01:40:33.714 [restartedMain] INFO  o.s.b.w.s.c.ServletWebServerApplicationContext - Root WebApplicationContext: initialization completed in 431 ms
2020-09-19 01:40:33.920 [restartedMain] INFO  o.s.b.d.autoconfigure.OptionalLiveReloadServer - LiveReload server is running on port 35729
2020-09-19 01:40:33.933 [restartedMain] INFO  org.apache.coyote.http11.Http11NioProtocol - Starting ProtocolHandler ["http-nio-8080"]
2020-09-19 01:40:33.937 [restartedMain] INFO  o.s.boot.web.embedded.tomcat.TomcatWebServer - Tomcat started on port(s): 8080 (http) with context path ''
2020-09-19 01:40:33.939 [restartedMain] INFO  org.chatroom.crdemo.CrdemoApplication - Started CrdemoApplication in 0.727 seconds (JVM running for 466.761)
2020-09-19 01:40:33.941 [restartedMain] INFO  o.s.b.d.a.ConditionEvaluationDeltaLoggingListener - Condition evaluation unchanged
2020-09-19 01:40:37.978 [restartedMain] INFO  org.chatroom.crdemo.CrdemoApplication - Starting CrdemoApplication on DESKTOP-UQQALD5 with PID 21288 (C:\Users\V\IdeaProjects\crdemo\target\classes started by V in C:\Users\V\IdeaProjects\crdemo)
2020-09-19 01:40:37.978 [restartedMain] INFO  org.chatroom.crdemo.CrdemoApplication - No active profile set, falling back to default profiles: default
2020-09-19 01:40:38.387 [restartedMain] INFO  o.s.boot.web.embedded.tomcat.TomcatWebServer - Tomcat initialized with port(s): 8080 (http)
2020-09-19 01:40:38.388 [restartedMain] INFO  org.apache.coyote.http11.Http11NioProtocol - Initializing ProtocolHandler ["http-nio-8080"]
2020-09-19 01:40:38.388 [restartedMain] INFO  org.apache.catalina.core.StandardService - Starting service [Tomcat]
2020-09-19 01:40:38.388 [restartedMain] INFO  org.apache.catalina.core.StandardEngine - Starting Servlet engine: [Apache Tomcat/9.0.37]
2020-09-19 01:40:38.427 [restartedMain] INFO  o.a.c.core.ContainerBase.[Tomcat].[localhost].[/] - Initializing Spring embedded WebApplicationContext
2020-09-19 01:40:38.427 [restartedMain] INFO  o.s.b.w.s.c.ServletWebServerApplicationContext - Root WebApplicationContext: initialization completed in 446 ms
2020-09-19 01:40:38.620 [restartedMain] INFO  o.s.b.d.autoconfigure.OptionalLiveReloadServer - LiveReload server is running on port 35729
2020-09-19 01:40:38.633 [restartedMain] INFO  org.apache.coyote.http11.Http11NioProtocol - Starting ProtocolHandler ["http-nio-8080"]
2020-09-19 01:40:38.637 [restartedMain] INFO  o.s.boot.web.embedded.tomcat.TomcatWebServer - Tomcat started on port(s): 8080 (http) with context path ''
2020-09-19 01:40:38.641 [restartedMain] INFO  org.chatroom.crdemo.CrdemoApplication - Started CrdemoApplication in 0.728 seconds (JVM running for 471.462)
2020-09-19 01:40:38.642 [restartedMain] INFO  o.s.b.d.a.ConditionEvaluationDeltaLoggingListener - Condition evaluation unchanged
2020-09-19 01:40:48.419 [restartedMain] INFO  org.chatroom.crdemo.CrdemoApplication - Starting CrdemoApplication on DESKTOP-UQQALD5 with PID 21288 (C:\Users\V\IdeaProjects\crdemo\target\classes started by V in C:\Users\V\IdeaProjects\crdemo)
2020-09-19 01:40:48.419 [restartedMain] INFO  org.chatroom.crdemo.CrdemoApplication - No active profile set, falling back to default profiles: default
2020-09-19 01:40:48.856 [restartedMain] INFO  o.s.boot.web.embedded.tomcat.TomcatWebServer - Tomcat initialized with port(s): 8080 (http)
2020-09-19 01:40:48.857 [restartedMain] INFO  org.apache.coyote.http11.Http11NioProtocol - Initializing ProtocolHandler ["http-nio-8080"]
2020-09-19 01:40:48.857 [restartedMain] INFO  org.apache.catalina.core.StandardService - Starting service [Tomcat]
2020-09-19 01:40:48.858 [restartedMain] INFO  org.apache.catalina.core.StandardEngine - Starting Servlet engine: [Apache Tomcat/9.0.37]
2020-09-19 01:40:48.884 [restartedMain] INFO  o.a.c.core.ContainerBase.[Tomcat].[localhost].[/] - Initializing Spring embedded WebApplicationContext
2020-09-19 01:40:48.885 [restartedMain] INFO  o.s.b.w.s.c.ServletWebServerApplicationContext - Root WebApplicationContext: initialization completed in 459 ms
2020-09-19 01:40:49.084 [restartedMain] INFO  o.s.b.d.autoconfigure.OptionalLiveReloadServer - LiveReload server is running on port 35729
2020-09-19 01:40:49.093 [restartedMain] INFO  org.apache.coyote.http11.Http11NioProtocol - Starting ProtocolHandler ["http-nio-8080"]
2020-09-19 01:40:49.097 [restartedMain] INFO  o.s.boot.web.embedded.tomcat.TomcatWebServer - Tomcat started on port(s): 8080 (http) with context path ''
2020-09-19 01:40:49.101 [restartedMain] INFO  org.chatroom.crdemo.CrdemoApplication - Started CrdemoApplication in 0.758 seconds (JVM running for 481.922)
2020-09-19 01:40:49.103 [restartedMain] INFO  o.s.b.d.a.ConditionEvaluationDeltaLoggingListener - Condition evaluation unchanged
